<?xml version="1.0" encoding="UTF-8"?>
<beans xmlns="http://www.springframework.org/schema/beans"
       xmlns:xsi="http://www.w3.org/2001/XMLSchema-instance"
       xmlns:context="http://www.springframework.org/schema/context"
       xmlns:tx="http://www.springframework.org/schema/tx"
       xmlns:mvc="http://www.springframework.org/schema/mvc"
       xsi:schemaLocation="http://www.springframework.org/schema/beans
                            http://www.springframework.org/schema/beans/spring-beans.xsd
                            http://www.springframework.org/schema/context
                            http://www.springframework.org/schema/context/spring-context.xsd
                            http://www.springframework.org/schema/tx
                            http://www.springframework.org/schema/tx/spring-tx.xsd
                            http://www.springframework.org/schema/mvc
                            http://www.springframework.org/schema/mvc/spring-mvc-3.2.xsd">


    <context:annotation-config/>
    <context:component-scan base-package="rwr"/>
    <context:property-placeholder location="classpath:db.properties"/>


    <bean id="dataSource" class="org.springframework.jdbc.datasource.DriverManagerDataSource">
        <property name="url" value="${db.url}"/>
        <property name="driverClassName" value="${db.driverClassName}"/>
        <property name="username" value="${db.user}"/>
        <property name="password" value="${db.pass}"/>
    </bean>

    <bean id="sqlSessionFactory" class="org.mybatis.spring.SqlSessionFactoryBean">
        <property name="dataSource" ref="dataSource" />
        <property name="typeAliasesPackage" value="rwr.model"/>
        <property name="mapperLocations" value="classpath*:/myBatis/mappers/*.xml" />
    </bean>

    <bean id="candidateMapper" class="org.mybatis.spring.mapper.MapperFactoryBean">
        <property name="mapperInterface" value="rwr.mapper.CandidateMapper" />
        <property name="sqlSessionFactory" ref="sqlSessionFactory" />
    </bean>

    <bean id="contactsMapper" class="org.mybatis.spring.mapper.MapperFactoryBean">
        <property name="mapperInterface" value="rwr.mapper.ContactsMapper" />
        <property name="sqlSessionFactory" ref="sqlSessionFactory" />
    </bean>

    <bean id="skillMapper" class="org.mybatis.spring.mapper.MapperFactoryBean">
        <property name="mapperInterface" value="rwr.mapper.SkillMapper" />
        <property name="sqlSessionFactory" ref="sqlSessionFactory" />
    </bean>


    <bean id="sqlSession" class="org.mybatis.spring.SqlSessionTemplate">
        <constructor-arg index="0" ref="sqlSessionFactory" />
    </bean>

    <bean class="org.springframework.web.servlet.view.InternalResourceViewResolver">
        <property name="prefix" value="/WEB-INF/jsp/" />
        <property name="suffix" value=".jsp" />
    </bean>

    <tx:annotation-driven transaction-manager="transactionManager" />
    <bean id="transactionManager" class="org.springframework.jdbc.datasource.DataSourceTransactionManager">
        <property name="dataSource" ref="dataSource" />
    </bean>


</beans>
